SF:lib\flutter_clean_architecture.dart
DA:19,0
DA:21,0
DA:36,0
DA:41,0
DA:42,0
DA:50,0
DA:51,0
DA:52,0
DA:53,0
DA:54,0
DA:56,0
DA:60,0
LF:12
LH:0
end_of_record
SF:lib\src\background_use_case.dart
DA:17,1
DA:24,1
DA:93,1
DA:95,1
DA:96,1
DA:99,1
DA:100,1
DA:101,1
DA:102,3
DA:105,0
DA:106,3
DA:112,1
DA:114,1
DA:115,1
DA:116,3
DA:117,2
DA:118,1
DA:119,2
DA:120,3
DA:121,2
DA:122,1
DA:123,0
DA:124,0
DA:126,1
DA:127,1
DA:133,0
DA:136,0
DA:142,1
DA:144,1
DA:145,1
DA:149,1
DA:150,1
DA:151,1
DA:152,1
DA:153,2
DA:154,2
DA:155,1
DA:163,1
DA:164,2
DA:168,1
DA:169,3
DA:170,3
DA:171,0
DA:172,0
DA:173,0
DA:176,1
DA:177,0
LF:47
LH:38
end_of_record
SF:lib\src\controller.dart
DA:83,0
DA:84,0
DA:85,0
DA:86,0
DA:89,0
DA:91,0
DA:93,0
DA:94,0
DA:96,0
DA:97,0
DA:99,0
DA:100,0
DA:102,0
DA:103,0
DA:105,0
DA:113,0
DA:115,0
DA:116,0
DA:128,0
DA:130,0
DA:139,0
DA:142,0
DA:145,0
DA:146,0
DA:147,0
DA:151,0
DA:153,0
DA:160,0
DA:164,0
DA:166,0
DA:171,0
DA:172,0
DA:176,0
DA:178,0
DA:185,0
DA:227,0
DA:239,0
DA:249,0
DA:261,0
DA:285,0
DA:304,0
DA:319,0
DA:332,0
DA:380,0
DA:382,0
DA:383,0
DA:384,0
DA:385,0
LF:48
LH:0
end_of_record
SF:lib\src\use_case.dart
DA:103,2
DA:105,1
DA:106,2
DA:107,4
DA:115,0
DA:116,0
DA:117,0
DA:118,0
DA:119,0
DA:123,1
DA:124,2
DA:125,4
DA:126,2
DA:132,0
DA:133,0
DA:134,0
DA:136,0
LF:17
LH:8
end_of_record
SF:lib\src\view.dart
DA:61,0
DA:81,0
DA:84,0
DA:85,0
DA:86,0
DA:87,0
DA:88,0
DA:140,0
DA:141,0
DA:142,0
DA:143,0
DA:146,0
DA:149,0
DA:150,0
DA:151,0
DA:154,0
DA:155,0
DA:156,0
DA:159,0
DA:162,0
DA:163,0
DA:164,0
DA:167,0
DA:170,0
DA:173,0
DA:176,0
DA:177,0
DA:178,0
DA:179,0
DA:182,0
DA:185,0
DA:186,0
DA:187,0
DA:190,0
DA:193,0
DA:194,0
DA:195,0
DA:220,0
LF:38
LH:0
end_of_record
